<?xml version="1.0" encoding="utf-8"?><testsuites name="pytest tests"><testsuite name="pytest" errors="0" failures="0" skipped="0" tests="10" time="7.065" timestamp="2026-01-02T21:16:22.303437+00:00" hostname="agent-env-80660a4f-77e8-448f-995d-133534cc1483"><testcase classname="tests.test_admin_auth.TestDevResetOwner" name="test_reset_owner_success" time="0.293" /><testcase classname="tests.test_admin_auth.TestAuthLogin" name="test_login_with_correct_password" time="0.521" /><testcase classname="tests.test_admin_auth.TestAuthLogin" name="test_login_with_wrong_password" time="0.526" /><testcase classname="tests.test_admin_auth.TestAuthLogin" name="test_login_user_not_found" time="0.302" /><testcase classname="tests.test_admin_auth.TestAuthChangePassword" name="test_change_password_success" time="1.264" /><testcase classname="tests.test_admin_auth.TestAuthChangePassword" name="test_change_password_wrong_current" time="0.810" /><testcase classname="tests.test_admin_auth.TestAdminDonations" name="test_get_donations_success" time="1.336" /><testcase classname="tests.test_admin_auth.TestAdminDonations" name="test_get_donations_with_status_filter" time="1.310" /><testcase classname="tests.test_admin_auth.TestAdminDonations" name="test_get_donations_unauthorized" time="0.033" /><testcase classname="tests.test_admin_auth.TestAuthMe" name="test_get_me_success" time="0.553" /></testsuite></testsuites>